This file contains any messages produced by compilers while
running configure, to aid debugging if configure makes a mistake.

It was created by ser2net configure 2.10.0, which was
generated by GNU Autoconf 2.69.  Invocation command line was

  $ ./configure --prefix=/home/neo/Documentos/wiscam/neo/rak_5280_arduino/sources/applications/../app_fs/nuwicam --host=arm-linux --target=arm-linux

## --------- ##
## Platform. ##
## --------- ##

hostname = neo-Latitude-E5440
uname -m = x86_64
uname -r = 3.19.0-74-generic
uname -s = Linux
uname -v = #82~14.04.1-Ubuntu SMP Fri Oct 21 15:43:47 UTC 2016

/usr/bin/uname -p = unknown
/bin/uname -X     = unknown

/bin/arch              = unknown
/usr/bin/arch -k       = unknown
/usr/convex/getsysinfo = unknown
/usr/bin/hostinfo      = unknown
/bin/machine           = unknown
/usr/bin/oslevel       = unknown
/bin/universe          = unknown

PATH: /home/neo/Documentos/wiscam/neo/rak_5280_arduino/compiler/arm_linux_4.8/bin
PATH: /usr/bin
PATH: /usr/local/sbin
PATH: /usr/local/bin
PATH: /usr/sbin
PATH: /usr/bin
PATH: /sbin
PATH: /bin
PATH: /usr/games
PATH: /usr/local/games
PATH: /usr/lib/jvm/java-8-oracle/bin
PATH: /usr/lib/jvm/java-8-oracle/db/bin
PATH: /usr/lib/jvm/java-8-oracle/jre/bin


## ----------- ##
## Core tests. ##
## ----------- ##

configure:2253: checking for a BSD-compatible install
configure:2321: result: /usr/bin/install -c
configure:2332: checking whether build environment is sane
configure:2387: result: yes
configure:2446: checking for arm-linux-strip
configure:2462: found /home/neo/Documentos/wiscam/neo/rak_5280_arduino/compiler/arm_linux_4.8/bin/arm-linux-strip
configure:2473: result: arm-linux-strip
configure:2538: checking for a thread-safe mkdir -p
configure:2577: result: /bin/mkdir -p
configure:2584: checking for gawk
configure:2614: result: no
configure:2584: checking for mawk
configure:2600: found /usr/bin/mawk
configure:2611: result: mawk
configure:2622: checking whether make sets $(MAKE)
configure:2644: result: yes
configure:2673: checking whether make supports nested variables
configure:2690: result: yes
configure:2823: checking for arm-linux-gcc
configure:2839: found /home/neo/Documentos/wiscam/neo/rak_5280_arduino/compiler/arm_linux_4.8/bin/arm-linux-gcc
configure:2850: result: arm-linux-gcc
configure:3119: checking for C compiler version
configure:3128: arm-linux-gcc --version >&5
arm-linux-gcc (GCC) 4.8.4
Copyright (C) 2013 Free Software Foundation, Inc.
This is free software; see the source for copying conditions.  There is NO
warranty; not even for MERCHANTABILITY or FITNESS FOR A PARTICULAR PURPOSE.

configure:3139: $? = 0
configure:3128: arm-linux-gcc -v >&5
Using built-in specs.
COLLECT_GCC=arm-linux-gcc
COLLECT_LTO_WRAPPER=/home/neo/Documentos/wiscam/neo/rak_5280_arduino/compiler/arm_linux_4.8/bin/../libexec/gcc/arm-nuvoton-linux-uclibceabi/4.8.4/lto-wrapper
Target: arm-nuvoton-linux-uclibceabi
Configured with: ../configure --prefix=/usr/local/arm_linux_4.8 --target=arm-nuvoton-linux-uclibceabi --enable-static --disable-__cxa_atexit --with-gnu-ld --disable-libssp --disable-multilib --enable-target-optspace --disable-libsanitizer --enable-tls --disable-libmudflap --enable-threads --without-isl --without-cloog --with-float=soft --disable-decimal-float --with-abi=aapcs-linux --with-cpu=arm926ej-s --with-float=soft --with-mode=arm --enable-languages=c,c++ --enable-poison-system-directories --enable-shared --disable-libgomp --with-sysroot=/usr/local/arm_linux_4.8 --with-build-time-tools=/usr/local/arm_linux_4.8/arm-nuvoton-linux-uclibceabi/bin --enable-shared
Thread model: posix
gcc version 4.8.4 (GCC) 
configure:3139: $? = 0
configure:3128: arm-linux-gcc -V >&5
arm-linux-gcc: error: unrecognized command line option '-V'
arm-linux-gcc: fatal error: no input files
compilation terminated.
configure:3139: $? = 1
configure:3128: arm-linux-gcc -qversion >&5
arm-linux-gcc: error: unrecognized command line option '-qversion'
arm-linux-gcc: fatal error: no input files
compilation terminated.
configure:3139: $? = 1
configure:3159: checking whether the C compiler works
configure:3181: arm-linux-gcc    conftest.c  >&5
configure:3185: $? = 0
configure:3233: result: yes
configure:3236: checking for C compiler default output file name
configure:3238: result: a.out
configure:3244: checking for suffix of executables
configure:3251: arm-linux-gcc -o conftest    conftest.c  >&5
configure:3255: $? = 0
configure:3277: result: 
configure:3299: checking whether we are cross compiling
configure:3307: arm-linux-gcc -o conftest    conftest.c  >&5
configure:3311: $? = 0
configure:3318: ./conftest
./configure: line 3320: ./conftest: cannot execute binary file: Exec format error
configure:3322: $? = 126
configure:3337: result: yes
configure:3342: checking for suffix of object files
configure:3364: arm-linux-gcc -c   conftest.c >&5
configure:3368: $? = 0
configure:3389: result: o
configure:3393: checking whether we are using the GNU C compiler
configure:3412: arm-linux-gcc -c   conftest.c >&5
configure:3412: $? = 0
configure:3421: result: yes
configure:3430: checking whether arm-linux-gcc accepts -g
configure:3450: arm-linux-gcc -c -g  conftest.c >&5
configure:3450: $? = 0
configure:3491: result: yes
configure:3508: checking for arm-linux-gcc option to accept ISO C89
configure:3571: arm-linux-gcc  -c -g -O2  conftest.c >&5
configure:3571: $? = 0
configure:3584: result: none needed
configure:3609: checking whether arm-linux-gcc understands -c and -o together
configure:3631: arm-linux-gcc -c conftest.c -o conftest2.o
configure:3634: $? = 0
configure:3631: arm-linux-gcc -c conftest.c -o conftest2.o
configure:3634: $? = 0
configure:3646: result: yes
configure:3674: checking for style of include used by make
configure:3702: result: GNU
configure:3728: checking dependency style of arm-linux-gcc
configure:3839: result: gcc3
configure:3883: checking build system type
configure:3897: result: x86_64-unknown-linux-gnu
configure:3917: checking host system type
configure:3930: result: arm-unknown-linux-gnu
configure:3971: checking how to print strings
configure:3998: result: printf
configure:4019: checking for a sed that does not truncate output
configure:4083: result: /bin/sed
configure:4101: checking for grep that handles long lines and -e
configure:4159: result: /bin/grep
configure:4164: checking for egrep
configure:4226: result: /bin/grep -E
configure:4231: checking for fgrep
configure:4293: result: /bin/grep -F
configure:4328: checking for ld used by arm-linux-gcc
configure:4395: result: /home/neo/Documentos/wiscam/neo/rak_5280_arduino/compiler/arm_linux_4.8/arm-nuvoton-linux-uclibceabi/bin/ld
configure:4402: checking if the linker (/home/neo/Documentos/wiscam/neo/rak_5280_arduino/compiler/arm_linux_4.8/arm-nuvoton-linux-uclibceabi/bin/ld) is GNU ld
configure:4417: result: yes
configure:4429: checking for BSD- or MS-compatible name lister (nm)
configure:4478: result: /home/neo/Documentos/wiscam/neo/rak_5280_arduino/compiler/arm_linux_4.8/bin/arm-linux-nm -B
configure:4608: checking the name lister (/home/neo/Documentos/wiscam/neo/rak_5280_arduino/compiler/arm_linux_4.8/bin/arm-linux-nm -B) interface
configure:4615: arm-linux-gcc -c -g -O2  conftest.c >&5
configure:4618: /home/neo/Documentos/wiscam/neo/rak_5280_arduino/compiler/arm_linux_4.8/bin/arm-linux-nm -B "conftest.o"
configure:4621: output
00000000 B some_variable
configure:4628: result: BSD nm
configure:4631: checking whether ln -s works
configure:4635: result: yes
configure:4643: checking the maximum length of command line arguments
configure:4774: result: 1572864
configure:4791: checking whether the shell understands some XSI constructs
configure:4801: result: yes
configure:4805: checking whether the shell understands "+="
configure:4811: result: yes
configure:4846: checking how to convert x86_64-unknown-linux-gnu file names to arm-unknown-linux-gnu format
configure:4886: result: func_convert_file_noop
configure:4893: checking how to convert x86_64-unknown-linux-gnu file names to toolchain format
configure:4913: result: func_convert_file_noop
configure:4920: checking for /home/neo/Documentos/wiscam/neo/rak_5280_arduino/compiler/arm_linux_4.8/arm-nuvoton-linux-uclibceabi/bin/ld option to reload object files
configure:4927: result: -r
configure:4961: checking for arm-linux-objdump
configure:4977: found /home/neo/Documentos/wiscam/neo/rak_5280_arduino/compiler/arm_linux_4.8/bin/arm-linux-objdump
configure:4988: result: arm-linux-objdump
configure:5060: checking how to recognize dependent libraries
configure:5258: result: pass_all
configure:5303: checking for arm-linux-dlltool
configure:5333: result: no
configure:5343: checking for dlltool
configure:5373: result: no
configure:5403: checking how to associate runtime and link libraries
configure:5430: result: printf %s\n
configure:5447: checking for arm-linux-ar
configure:5463: found /home/neo/Documentos/wiscam/neo/rak_5280_arduino/compiler/arm_linux_4.8/bin/arm-linux-ar
configure:5474: result: arm-linux-ar
configure:5555: checking for archiver @FILE support
configure:5572: arm-linux-gcc -c -g -O2  conftest.c >&5
configure:5572: $? = 0
configure:5575: arm-linux-ar cru libconftest.a @conftest.lst >&5
configure:5578: $? = 0
configure:5583: arm-linux-ar cru libconftest.a @conftest.lst >&5
arm-linux-ar: conftest.o: No such file or directory
configure:5586: $? = 1
configure:5598: result: @
configure:5616: checking for arm-linux-strip
configure:5643: result: arm-linux-strip
configure:5715: checking for arm-linux-ranlib
configure:5731: found /home/neo/Documentos/wiscam/neo/rak_5280_arduino/compiler/arm_linux_4.8/bin/arm-linux-ranlib
configure:5742: result: arm-linux-ranlib
configure:5884: checking command to parse /home/neo/Documentos/wiscam/neo/rak_5280_arduino/compiler/arm_linux_4.8/bin/arm-linux-nm -B output from arm-linux-gcc object
configure:6004: arm-linux-gcc -c -g -O2  conftest.c >&5
configure:6007: $? = 0
configure:6011: /home/neo/Documentos/wiscam/neo/rak_5280_arduino/compiler/arm_linux_4.8/bin/arm-linux-nm -B conftest.o \| sed -n -e 's/^.*[ ]\([ABCDGIRSTW][ABCDGIRSTW]*\)[ ][ ]*\([_A-Za-z][_A-Za-z0-9]*\)$/\1 \2 \2/p' | sed '/ __gnu_lto/d' \> conftest.nm
configure:6014: $? = 0
configure:6080: arm-linux-gcc -o conftest -g -O2   conftest.c conftstm.o >&5
configure:6083: $? = 0
configure:6121: result: ok
configure:6158: checking for sysroot
configure:6188: result: no
configure:6417: checking for arm-linux-mt
configure:6447: result: no
configure:6457: checking for mt
configure:6473: found /bin/mt
configure:6484: result: mt
configure:6496: WARNING: using cross tools not prefixed with host triplet
configure:6507: checking if mt is a manifest tool
configure:6513: mt '-?'
configure:6521: result: no
configure:7163: checking how to run the C preprocessor
configure:7194: arm-linux-gcc -E  conftest.c
configure:7194: $? = 0
configure:7208: arm-linux-gcc -E  conftest.c
conftest.c:11:28: fatal error: ac_nonexistent.h: No such file or directory
 #include <ac_nonexistent.h>
                            ^
compilation terminated.
configure:7208: $? = 1
configure: failed program was:
| /* confdefs.h */
| #define PACKAGE_NAME "ser2net"
| #define PACKAGE_TARNAME "ser2net"
| #define PACKAGE_VERSION "2.10.0"
| #define PACKAGE_STRING "ser2net 2.10.0"
| #define PACKAGE_BUGREPORT "minyard@acm.org"
| #define PACKAGE_URL ""
| #define PACKAGE "ser2net"
| #define VERSION "2.10.0"
| /* end confdefs.h.  */
| #include <ac_nonexistent.h>
configure:7233: result: arm-linux-gcc -E
configure:7253: arm-linux-gcc -E  conftest.c
configure:7253: $? = 0
configure:7267: arm-linux-gcc -E  conftest.c
conftest.c:11:28: fatal error: ac_nonexistent.h: No such file or directory
 #include <ac_nonexistent.h>
                            ^
compilation terminated.
configure:7267: $? = 1
configure: failed program was:
| /* confdefs.h */
| #define PACKAGE_NAME "ser2net"
| #define PACKAGE_TARNAME "ser2net"
| #define PACKAGE_VERSION "2.10.0"
| #define PACKAGE_STRING "ser2net 2.10.0"
| #define PACKAGE_BUGREPORT "minyard@acm.org"
| #define PACKAGE_URL ""
| #define PACKAGE "ser2net"
| #define VERSION "2.10.0"
| /* end confdefs.h.  */
| #include <ac_nonexistent.h>
configure:7296: checking for ANSI C header files
configure:7316: arm-linux-gcc -c -g -O2  conftest.c >&5
configure:7316: $? = 0
configure:7400: result: yes
configure:7413: checking for sys/types.h
configure:7413: arm-linux-gcc -c -g -O2  conftest.c >&5
configure:7413: $? = 0
configure:7413: result: yes
configure:7413: checking for sys/stat.h
configure:7413: arm-linux-gcc -c -g -O2  conftest.c >&5
configure:7413: $? = 0
configure:7413: result: yes
configure:7413: checking for stdlib.h
configure:7413: arm-linux-gcc -c -g -O2  conftest.c >&5
configure:7413: $? = 0
configure:7413: result: yes
configure:7413: checking for string.h
configure:7413: arm-linux-gcc -c -g -O2  conftest.c >&5
configure:7413: $? = 0
configure:7413: result: yes
configure:7413: checking for memory.h
configure:7413: arm-linux-gcc -c -g -O2  conftest.c >&5
configure:7413: $? = 0
configure:7413: result: yes
configure:7413: checking for strings.h
configure:7413: arm-linux-gcc -c -g -O2  conftest.c >&5
configure:7413: $? = 0
configure:7413: result: yes
configure:7413: checking for inttypes.h
configure:7413: arm-linux-gcc -c -g -O2  conftest.c >&5
configure:7413: $? = 0
configure:7413: result: yes
configure:7413: checking for stdint.h
configure:7413: arm-linux-gcc -c -g -O2  conftest.c >&5
configure:7413: $? = 0
configure:7413: result: yes
configure:7413: checking for unistd.h
configure:7413: arm-linux-gcc -c -g -O2  conftest.c >&5
configure:7413: $? = 0
configure:7413: result: yes
configure:7427: checking for dlfcn.h
configure:7427: arm-linux-gcc -c -g -O2  conftest.c >&5
configure:7427: $? = 0
configure:7427: result: yes
configure:7633: checking for objdir
configure:7648: result: .libs
configure:7919: checking if arm-linux-gcc supports -fno-rtti -fno-exceptions
configure:7937: arm-linux-gcc -c -g -O2  -fno-rtti -fno-exceptions conftest.c >&5
cc1: warning: command line option '-fno-rtti' is valid for C++/ObjC++ but not for C [enabled by default]
configure:7941: $? = 0
configure:7954: result: no
configure:8281: checking for arm-linux-gcc option to produce PIC
configure:8288: result: -fPIC -DPIC
configure:8296: checking if arm-linux-gcc PIC flag -fPIC -DPIC works
configure:8314: arm-linux-gcc -c -g -O2  -fPIC -DPIC -DPIC conftest.c >&5
configure:8318: $? = 0
configure:8331: result: yes
configure:8360: checking if arm-linux-gcc static flag -static works
configure:8388: result: yes
configure:8403: checking if arm-linux-gcc supports -c -o file.o
configure:8424: arm-linux-gcc -c -g -O2  -o out/conftest2.o conftest.c >&5
configure:8428: $? = 0
configure:8450: result: yes
configure:8458: checking if arm-linux-gcc supports -c -o file.o
configure:8505: result: yes
configure:8538: checking whether the arm-linux-gcc linker (/home/neo/Documentos/wiscam/neo/rak_5280_arduino/compiler/arm_linux_4.8/arm-nuvoton-linux-uclibceabi/bin/ld) supports shared libraries
configure:9695: result: yes
configure:9732: checking whether -lc should be explicitly linked in
configure:9740: arm-linux-gcc -c -g -O2  conftest.c >&5
configure:9743: $? = 0
configure:9758: arm-linux-gcc -shared  -fPIC -DPIC conftest.o  -v -Wl,-soname -Wl,conftest -o conftest 2\>\&1 \| /bin/grep  -lc  \>/dev/null 2\>\&1
configure:9761: $? = 0
configure:9775: result: no
configure:9935: checking dynamic linker characteristics
configure:10435: arm-linux-gcc -o conftest -g -O2   -Wl,-rpath -Wl,/foo conftest.c  >&5
configure:10435: $? = 0
configure:10669: result: GNU/Linux ld.so
configure:10776: checking how to hardcode library paths into programs
configure:10801: result: immediate
configure:11341: checking whether stripping libraries is possible
configure:11346: result: yes
configure:11381: checking if libtool supports shared libraries
configure:11383: result: yes
configure:11386: checking whether to build shared libraries
configure:11407: result: yes
configure:11410: checking whether to build static libraries
configure:11414: result: yes
configure:11526: checking for ANSI C header files
configure:11630: result: yes
configure:11638: checking for main in -lnsl
configure:11657: arm-linux-gcc -o conftest -g -O2   conftest.c -lnsl   >&5
configure:11657: $? = 0
configure:11666: result: yes
configure:11824: checking that generated files are newer than configure
configure:11830: result: done
configure:11853: creating ./config.status

## ---------------------- ##
## Running config.status. ##
## ---------------------- ##

This file was extended by ser2net config.status 2.10.0, which was
generated by GNU Autoconf 2.69.  Invocation command line was

  CONFIG_FILES    = 
  CONFIG_HEADERS  = 
  CONFIG_LINKS    = 
  CONFIG_COMMANDS = 
  $ ./config.status 

on neo-Latitude-E5440

config.status:1004: creating Makefile
config.status:1004: creating ser2net.spec
config.status:1176: executing depfiles commands
config.status:1176: executing libtool commands

## ---------------- ##
## Cache variables. ##
## ---------------- ##

ac_cv_build=x86_64-unknown-linux-gnu
ac_cv_c_compiler_gnu=yes
ac_cv_env_CC_set=
ac_cv_env_CC_value=
ac_cv_env_CFLAGS_set=
ac_cv_env_CFLAGS_value=
ac_cv_env_CPPFLAGS_set=
ac_cv_env_CPPFLAGS_value=
ac_cv_env_CPP_set=
ac_cv_env_CPP_value=
ac_cv_env_LDFLAGS_set=
ac_cv_env_LDFLAGS_value=
ac_cv_env_LIBS_set=
ac_cv_env_LIBS_value=
ac_cv_env_build_alias_set=
ac_cv_env_build_alias_value=
ac_cv_env_host_alias_set=set
ac_cv_env_host_alias_value=arm-linux
ac_cv_env_target_alias_set=set
ac_cv_env_target_alias_value=arm-linux
ac_cv_header_dlfcn_h=yes
ac_cv_header_inttypes_h=yes
ac_cv_header_memory_h=yes
ac_cv_header_stdc=yes
ac_cv_header_stdint_h=yes
ac_cv_header_stdlib_h=yes
ac_cv_header_string_h=yes
ac_cv_header_strings_h=yes
ac_cv_header_sys_stat_h=yes
ac_cv_header_sys_types_h=yes
ac_cv_header_unistd_h=yes
ac_cv_host=arm-unknown-linux-gnu
ac_cv_lib_nsl_main=yes
ac_cv_objext=o
ac_cv_path_EGREP='/bin/grep -E'
ac_cv_path_FGREP='/bin/grep -F'
ac_cv_path_GREP=/bin/grep
ac_cv_path_SED=/bin/sed
ac_cv_path_install='/usr/bin/install -c'
ac_cv_path_mkdir=/bin/mkdir
ac_cv_prog_AR=arm-linux-ar
ac_cv_prog_AWK=mawk
ac_cv_prog_CC=arm-linux-gcc
ac_cv_prog_CPP='arm-linux-gcc -E'
ac_cv_prog_OBJDUMP=arm-linux-objdump
ac_cv_prog_RANLIB=arm-linux-ranlib
ac_cv_prog_STRIP=arm-linux-strip
ac_cv_prog_ac_ct_MANIFEST_TOOL=mt
ac_cv_prog_cc_c89=
ac_cv_prog_cc_g=yes
ac_cv_prog_make_make_set=yes
am_cv_CC_dependencies_compiler_type=gcc3
am_cv_make_support_nested_variables=yes
am_cv_prog_cc_c_o=yes
lt_cv_ar_at_file=@
lt_cv_archive_cmds_need_lc=no
lt_cv_deplibs_check_method=pass_all
lt_cv_file_magic_cmd='$MAGIC_CMD'
lt_cv_file_magic_test_file=
lt_cv_ld_reload_flag=-r
lt_cv_nm_interface='BSD nm'
lt_cv_objdir=.libs
lt_cv_path_LD=/home/neo/Documentos/wiscam/neo/rak_5280_arduino/compiler/arm_linux_4.8/arm-nuvoton-linux-uclibceabi/bin/ld
lt_cv_path_NM='/home/neo/Documentos/wiscam/neo/rak_5280_arduino/compiler/arm_linux_4.8/bin/arm-linux-nm -B'
lt_cv_path_mainfest_tool=no
lt_cv_prog_compiler_c_o=yes
lt_cv_prog_compiler_pic='-fPIC -DPIC'
lt_cv_prog_compiler_pic_works=yes
lt_cv_prog_compiler_rtti_exceptions=no
lt_cv_prog_compiler_static_works=yes
lt_cv_prog_gnu_ld=yes
lt_cv_sharedlib_from_linklib_cmd='printf %s\n'
lt_cv_shlibpath_overrides_runpath=no
lt_cv_sys_global_symbol_pipe='sed -n -e '\''s/^.*[	 ]\([ABCDGIRSTW][ABCDGIRSTW]*\)[	 ][	 ]*\([_A-Za-z][_A-Za-z0-9]*\)$/\1 \2 \2/p'\'' | sed '\''/ __gnu_lto/d'\'''
lt_cv_sys_global_symbol_to_c_name_address='sed -n -e '\''s/^: \([^ ]*\)[ ]*$/  {\"\1\", (void *) 0},/p'\'' -e '\''s/^[ABCDGIRSTW]* \([^ ]*\) \([^ ]*\)$/  {"\2", (void *) \&\2},/p'\'''
lt_cv_sys_global_symbol_to_c_name_address_lib_prefix='sed -n -e '\''s/^: \([^ ]*\)[ ]*$/  {\"\1\", (void *) 0},/p'\'' -e '\''s/^[ABCDGIRSTW]* \([^ ]*\) \(lib[^ ]*\)$/  {"\2", (void *) \&\2},/p'\'' -e '\''s/^[ABCDGIRSTW]* \([^ ]*\) \([^ ]*\)$/  {"lib\2", (void *) \&\2},/p'\'''
lt_cv_sys_global_symbol_to_cdecl='sed -n -e '\''s/^T .* \(.*\)$/extern int \1();/p'\'' -e '\''s/^[ABCDGIRSTW]* .* \(.*\)$/extern char \1;/p'\'''
lt_cv_sys_max_cmd_len=1572864
lt_cv_to_host_file_cmd=func_convert_file_noop
lt_cv_to_tool_file_cmd=func_convert_file_noop

## ----------------- ##
## Output variables. ##
## ----------------- ##

ACLOCAL='${SHELL} /home/neo/Documentos/wiscam/neo/rak_5280_arduino/sources/applications/ser2net-2.10.0/missing aclocal-1.14'
AMDEPBACKSLASH='\'
AMDEP_FALSE='#'
AMDEP_TRUE=''
AMTAR='$${TAR-tar}'
AM_BACKSLASH='\'
AM_DEFAULT_V='$(AM_DEFAULT_VERBOSITY)'
AM_DEFAULT_VERBOSITY='1'
AM_V='$(V)'
AR='arm-linux-ar'
AUTOCONF='${SHELL} /home/neo/Documentos/wiscam/neo/rak_5280_arduino/sources/applications/ser2net-2.10.0/missing autoconf'
AUTOHEADER='${SHELL} /home/neo/Documentos/wiscam/neo/rak_5280_arduino/sources/applications/ser2net-2.10.0/missing autoheader'
AUTOMAKE='${SHELL} /home/neo/Documentos/wiscam/neo/rak_5280_arduino/sources/applications/ser2net-2.10.0/missing automake-1.14'
AWK='mawk'
CC='arm-linux-gcc'
CCDEPMODE='depmode=gcc3'
CFLAGS='-g -O2'
CPP='arm-linux-gcc -E'
CPPFLAGS=''
CYGPATH_W='echo'
DEFS='-DPACKAGE_NAME=\"ser2net\" -DPACKAGE_TARNAME=\"ser2net\" -DPACKAGE_VERSION=\"2.10.0\" -DPACKAGE_STRING=\"ser2net\ 2.10.0\" -DPACKAGE_BUGREPORT=\"minyard@acm.org\" -DPACKAGE_URL=\"\" -DPACKAGE=\"ser2net\" -DVERSION=\"2.10.0\" -DSTDC_HEADERS=1 -DHAVE_SYS_TYPES_H=1 -DHAVE_SYS_STAT_H=1 -DHAVE_STDLIB_H=1 -DHAVE_STRING_H=1 -DHAVE_MEMORY_H=1 -DHAVE_STRINGS_H=1 -DHAVE_INTTYPES_H=1 -DHAVE_STDINT_H=1 -DHAVE_UNISTD_H=1 -DHAVE_DLFCN_H=1 -DLT_OBJDIR=\".libs/\" -DUSE_UUCP_LOCKING=1 -DSTDC_HEADERS=1 -DHAVE_LIBNSL=1'
DEPDIR='.deps'
DLLTOOL='false'
DSYMUTIL=''
DUMPBIN=''
ECHO_C=''
ECHO_N='-n'
ECHO_T=''
EGREP='/bin/grep -E'
EXEEXT=''
FGREP='/bin/grep -F'
GREP='/bin/grep'
INSTALL_DATA='${INSTALL} -m 644'
INSTALL_PROGRAM='${INSTALL}'
INSTALL_SCRIPT='${INSTALL}'
INSTALL_STRIP_PROGRAM='$(install_sh) -c -s'
LD='/home/neo/Documentos/wiscam/neo/rak_5280_arduino/compiler/arm_linux_4.8/arm-nuvoton-linux-uclibceabi/bin/ld'
LDFLAGS=''
LIBOBJS=''
LIBS='-lnsl '
LIBTOOL='$(SHELL) $(top_builddir)/libtool'
LIPO=''
LN_S='ln -s'
LTLIBOBJS=''
MAKEINFO='${SHELL} /home/neo/Documentos/wiscam/neo/rak_5280_arduino/sources/applications/ser2net-2.10.0/missing makeinfo'
MANIFEST_TOOL=':'
MKDIR_P='/bin/mkdir -p'
NM='/home/neo/Documentos/wiscam/neo/rak_5280_arduino/compiler/arm_linux_4.8/bin/arm-linux-nm -B'
NMEDIT=''
OBJDUMP='arm-linux-objdump'
OBJEXT='o'
OTOOL64=''
OTOOL=''
PACKAGE='ser2net'
PACKAGE_BUGREPORT='minyard@acm.org'
PACKAGE_NAME='ser2net'
PACKAGE_STRING='ser2net 2.10.0'
PACKAGE_TARNAME='ser2net'
PACKAGE_URL=''
PACKAGE_VERSION='2.10.0'
PATH_SEPARATOR=':'
RANLIB='arm-linux-ranlib'
SED='/bin/sed'
SET_MAKE=''
SHELL='/bin/bash'
STRIP='arm-linux-strip'
VERSION='2.10.0'
ac_ct_AR=''
ac_ct_CC=''
ac_ct_DUMPBIN=''
am__EXEEXT_FALSE=''
am__EXEEXT_TRUE='#'
am__fastdepCC_FALSE='#'
am__fastdepCC_TRUE=''
am__include='include'
am__isrc=''
am__leading_dot='.'
am__nodep='_no'
am__quote=''
am__tar='$${TAR-tar} chof - "$$tardir"'
am__untar='$${TAR-tar} xf -'
bindir='${exec_prefix}/bin'
build='x86_64-unknown-linux-gnu'
build_alias=''
build_cpu='x86_64'
build_os='linux-gnu'
build_vendor='unknown'
datadir='${datarootdir}'
datarootdir='${prefix}/share'
docdir='${datarootdir}/doc/${PACKAGE_TARNAME}'
dvidir='${docdir}'
exec_prefix='${prefix}'
host='arm-unknown-linux-gnu'
host_alias='arm-linux'
host_cpu='arm'
host_os='linux-gnu'
host_vendor='unknown'
htmldir='${docdir}'
includedir='${prefix}/include'
infodir='${datarootdir}/info'
install_sh='${SHELL} /home/neo/Documentos/wiscam/neo/rak_5280_arduino/sources/applications/ser2net-2.10.0/install-sh'
libdir='${exec_prefix}/lib'
libexecdir='${exec_prefix}/libexec'
localedir='${datarootdir}/locale'
localstatedir='${prefix}/var'
mandir='${datarootdir}/man'
mkdir_p='$(MKDIR_P)'
oldincludedir='/usr/include'
pdfdir='${docdir}'
prefix='/home/neo/Documentos/wiscam/neo/rak_5280_arduino/sources/applications/../app_fs/nuwicam'
program_transform_name='s,x,x,'
psdir='${docdir}'
sbindir='${exec_prefix}/sbin'
sharedstatedir='${prefix}/com'
sysconfdir='${prefix}/etc'
target_alias='arm-linux'

## ----------- ##
## confdefs.h. ##
## ----------- ##

/* confdefs.h */
#define PACKAGE_NAME "ser2net"
#define PACKAGE_TARNAME "ser2net"
#define PACKAGE_VERSION "2.10.0"
#define PACKAGE_STRING "ser2net 2.10.0"
#define PACKAGE_BUGREPORT "minyard@acm.org"
#define PACKAGE_URL ""
#define PACKAGE "ser2net"
#define VERSION "2.10.0"
#define STDC_HEADERS 1
#define HAVE_SYS_TYPES_H 1
#define HAVE_SYS_STAT_H 1
#define HAVE_STDLIB_H 1
#define HAVE_STRING_H 1
#define HAVE_MEMORY_H 1
#define HAVE_STRINGS_H 1
#define HAVE_INTTYPES_H 1
#define HAVE_STDINT_H 1
#define HAVE_UNISTD_H 1
#define HAVE_DLFCN_H 1
#define LT_OBJDIR ".libs/"
#define USE_UUCP_LOCKING 1
#define STDC_HEADERS 1
#define HAVE_LIBNSL 1

configure: exit 0
